  [1m[36m (180.4ms)[0m  [1mCREATE TABLE "schema_migrations" ("version" varchar NOT NULL) [0m
  [1m[35m (0.5ms)[0m  select sqlite_version(*)
  [1m[36m (74.1ms)[0m  [1mCREATE UNIQUE INDEX "unique_schema_migrations" ON "schema_migrations" ("version")[0m
  [1m[35mActiveRecord::SchemaMigration Load (0.5ms)[0m  SELECT "schema_migrations".* FROM "schema_migrations"
Migrating to CreateUsers (20161006224731)
  [1m[36m (0.0ms)[0m  [1mbegin transaction[0m
  [1m[35m (1.5ms)[0m  CREATE TABLE "users" ("id" INTEGER PRIMARY KEY AUTOINCREMENT NOT NULL, "first_name" varchar, "last_name" varchar, "email_address" varchar, "age" integer, "created_at" datetime NOT NULL, "updated_at" datetime NOT NULL) 
  [1m[36mSQL (0.0ms)[0m  [1mINSERT INTO "schema_migrations" ("version") VALUES (?)[0m  [["version", "20161006224731"]]
  [1m[35m (79.8ms)[0m  commit transaction
  [1m[36mActiveRecord::SchemaMigration Load (0.0ms)[0m  [1mSELECT "schema_migrations".* FROM "schema_migrations"[0m
  [1m[36mUser Load (20.6ms)[0m  [1mSELECT "users".* FROM "users"[0m
  [1m[35m (0.5ms)[0m  begin transaction
  [1m[36mSQL (3.0ms)[0m  [1mINSERT INTO "users" ("first_name", "last_name", "email_address", "age", "created_at", "updated_at") VALUES (?, ?, ?, ?, ?, ?)[0m  [["first_name", "Violet"], ["last_name", "Minturn"], ["email_address", "Violet@aol.com"], ["age", 20], ["created_at", "2016-10-07 15:08:11.946446"], ["updated_at", "2016-10-07 15:08:11.946446"]]
  [1m[35m (66.1ms)[0m  commit transaction
  [1m[36mUser Load (0.5ms)[0m  [1mSELECT "users".* FROM "users"[0m
  [1m[36mUser Load (2.5ms)[0m  [1mSELECT "users".* FROM "users"[0m
  [1m[35m (0.5ms)[0m  begin transaction
  [1m[36mSQL (1.5ms)[0m  [1mINSERT INTO "users" ("first_name", "last_name", "created_at", "updated_at") VALUES (?, ?, ?, ?)[0m  [["first_name", "Lucia"], ["last_name", "Minturn"], ["created_at", "2016-10-07 15:21:32.705764"], ["updated_at", "2016-10-07 15:21:32.705764"]]
  [1m[35m (173.2ms)[0m  commit transaction
  [1m[36mUser Load (0.0ms)[0m  [1mSELECT "users".* FROM "users"[0m
  [1m[36mUser Load (0.0ms)[0m  [1mSELECT "users".* FROM "users"[0m
  [1m[35mUser Load (0.0ms)[0m  SELECT "users".* FROM "users"
  [1m[36m (0.0ms)[0m  [1mbegin transaction[0m
  [1m[35mSQL (84.4ms)[0m  INSERT INTO "users" ("first_name", "last_name", "email_address", "age", "created_at", "updated_at") VALUES (?, ?, ?, ?, ?, ?)  [["first_name", "Magic"], ["last_name", "Gourd"], ["email_address", "magic@aol.com"], ["age", 30], ["created_at", "2016-10-07 15:46:33.004141"], ["updated_at", "2016-10-07 15:46:33.004141"]]
  [1m[36m (69.1ms)[0m  [1mcommit transaction[0m
  [1m[35mUser Load (0.0ms)[0m  SELECT "users".* FROM "users"
  [1m[36mUser Load (0.5ms)[0m  [1mSELECT "users".* FROM "users"[0m
  [1m[35mUser Load (0.0ms)[0m  SELECT "users".* FROM "users"
  [1m[36m (0.0ms)[0m  [1mbegin transaction[0m
  [1m[35m (0.0ms)[0m  rollback transaction
  [1m[36mUser Load (0.0ms)[0m  [1mSELECT  "users".* FROM "users"  ORDER BY "users"."id" ASC LIMIT 1[0m
  [1m[35mUser Load (0.0ms)[0m  SELECT  "users".* FROM "users"  ORDER BY "users"."id" DESC LIMIT 1
  [1m[36mUser Load (0.5ms)[0m  [1mSELECT  "users".* FROM "users" WHERE "users"."id" = ? LIMIT 1[0m  [["id", 3]]
  [1m[35m (0.0ms)[0m  begin transaction
  [1m[36mSQL (1.5ms)[0m  [1mUPDATE "users" SET "last_name" = ?, "updated_at" = ? WHERE "users"."id" = ?[0m  [["last_name", "Pumpkin"], ["updated_at", "2016-10-07 18:42:55.940790"], ["id", 3]]
  [1m[35m (107.5ms)[0m  commit transaction
  [1m[36mUser Load (0.0ms)[0m  [1mSELECT  "users".* FROM "users" WHERE "users"."id" = ? LIMIT 1[0m  [["id", 2]]
  [1m[35m (0.0ms)[0m  begin transaction
  [1m[36mSQL (1.0ms)[0m  [1mDELETE FROM "users" WHERE "users"."id" = ?[0m  [["id", 2]]
  [1m[35m (70.6ms)[0m  commit transaction
